#
# There is insufficient memory for the Java Runtime Environment to continue.
# Native memory allocation (malloc) failed to allocate 1048576 bytes for AllocateHeap
# Possible reasons:
#   The system is out of physical RAM or swap space
#   The process is running with CompressedOops enabled, and the Java Heap may be blocking the growth of the native heap
# Possible solutions:
#   Reduce memory load on the system
#   Increase physical memory or swap space
#   Check if swap backing store is full
#   Decrease Java heap size (-Xmx/-Xms)
#   Decrease number of Java threads
#   Decrease Java thread stack sizes (-Xss)
#   Set larger code cache with -XX:ReservedCodeCacheSize=
#   JVM is running with Unscaled Compressed Oops mode in which the Java heap is
#     placed in the first 4GB address space. The Java Heap base address is the
#     maximum limit for the native heap growth. Please use -XX:HeapBaseMinAddress
#     to set the Java Heap base and to place the Java Heap above 4GB virtual address.
# This output file may be truncated or incomplete.
#
#  Out of Memory Error (./open/src/hotspot/share/memory/allocation.cpp:46), pid=8484, tid=12828
#
# JRE version: Java(TM) SE Runtime Environment 18.9 (11.0.13+10) (build 11.0.13+10-LTS-370)
# Java VM: Java HotSpot(TM) 64-Bit Server VM 18.9 (11.0.13+10-LTS-370, mixed mode, tiered, compressed oops, g1 gc, windows-amd64)
# No core dump will be written. Minidumps are not enabled by default on client versions of Windows
#

---------------  S U M M A R Y ------------

Command Line: C:\Users\sfjbs\AppData\Local\Temp\surefire13764631097728237503\surefirebooter1554169732529602882.jar C:\Users\sfjbs\AppData\Local\Temp\surefire13764631097728237503 2022-06-04T11-09-13_571-jvmRun1 surefire4146102793296973514tmp surefire_017534003005065189081tmp

Host: Intel(R) Xeon(R) Platinum 8171M CPU @ 2.60GHz, 2 cores, 7G,  Windows 10 , 64 bit Build 19041 (10.0.19041.1706)
Time: Sat Jun  4 11:09:17 2022 Coordinated Universal Time elapsed time: 1.010098 seconds (0d 0h 0m 1s)

---------------  T H R E A D  ---------------

Current thread (0x00000242b5e59800):  VMThread "VM Thread" [stack: 0x000000af50c00000,0x000000af50d00000] [id=12828]

Stack: [0x000000af50c00000,0x000000af50d00000]
[error occurred during error reporting (printing stack bounds), id 0xc0000005, EXCEPTION_ACCESS_VIOLATION (0xc0000005) at pc=0x00000242a0250f2d]

Native frames: (J=compiled Java code, j=interpreted, Vv=VM code, C=native code)
V  [jvm.dll+0x62870a]
V  [jvm.dll+0x761f2f]
V  [jvm.dll+0x7635d9]
V  [jvm.dll+0x763bc5]
V  [jvm.dll+0x763b7b]
V  [jvm.dll+0x627c53]
V  [jvm.dll+0x628308]
C  [ntdll.dll+0xa209f]
C  [ntdll.dll+0x51454]
C  [ntdll.dll+0xa0bce]
C  0x00000242a0250f2d

VM_Operation (0x000000af506fd2c0): CollectForMetadataAllocation, mode: safepoint, requested by thread 0x0000024298c1a000


---------------  P R O C E S S  ---------------

Threads class SMR info:
_java_thread_list=0x00000242b6bb22a0, length=12, elements={
0x0000024298c1a000, 0x00000242b5e5c800, 0x00000242b5e66800, 0x00000242b5e78800,
0x00000242b5e79800, 0x00000242b67c1000, 0x00000242b67c5800, 0x00000242b67cd000,
0x00000242b67d8000, 0x00000242b6945000, 0x00000242b69ef800, 0x00000242b6bb6000
}

Java Threads: ( => current thread )
  0x0000024298c1a000 JavaThread "main" [_thread_blocked, id=11888, stack(0x000000af50600000,0x000000af50700000)]
  0x00000242b5e5c800 JavaThread "Reference Handler" daemon [_thread_blocked, id=8340, stack(0x000000af50d00000,0x000000af50e00000)]
  0x00000242b5e66800 JavaThread "Finalizer" daemon [_thread_blocked, id=5008, stack(0x000000af50e00000,0x000000af50f00000)]
  0x00000242b5e78800 JavaThread "Signal Dispatcher" daemon [_thread_blocked, id=11120, stack(0x000000af50f00000,0x000000af51000000)]
  0x00000242b5e79800 JavaThread "Attach Listener" daemon [_thread_blocked, id=11644, stack(0x000000af51000000,0x000000af51100000)]
  0x00000242b67c1000 JavaThread "Service Thread" daemon [_thread_blocked, id=4244, stack(0x000000af51100000,0x000000af51200000)]
  0x00000242b67c5800 JavaThread "C2 CompilerThread0" daemon [_thread_blocked, id=8844, stack(0x000000af51200000,0x000000af51300000)]
  0x00000242b67cd000 JavaThread "C1 CompilerThread0" daemon [_thread_blocked, id=6076, stack(0x000000af51300000,0x000000af51400000)]
  0x00000242b67d8000 JavaThread "Sweeper thread" daemon [_thread_blocked, id=9368, stack(0x000000af51400000,0x000000af51500000)]
  0x00000242b6945000 JavaThread "Common-Cleaner" daemon [_thread_blocked, id=6420, stack(0x000000af51600000,0x000000af51700000)]
  0x00000242b69ef800 JavaThread "surefire-forkedjvm-command-thread" daemon [_thread_in_native, id=5544, stack(0x000000af51700000,0x000000af51800000)]
  0x00000242b6bb6000 JavaThread "surefire-forkedjvm-ping-30s" daemon [_thread_in_native, id=7048, stack(0x000000af51800000,0x000000af51900000)]

Other Threads:
=>0x00000242b5e59800 VMThread "VM Thread" [stack: 0x000000af50c00000,0x000000af50d00000] [id=12828]
  0x00000242b693d800 WatcherThread [stack: 0x000000af51500000,0x000000af51600000] [id=11660]
  0x0000024298c2f800 GCTaskThread "GC Thread#0" [stack: 0x000000af50700000,0x000000af50800000] [id=9688]
  0x00000242b6bb7800 GCTaskThread "GC Thread#1" [stack: 0x000000af51900000,0x000000af51a00000] [id=2216]
  0x0000024298c5b800 ConcurrentGCThread "G1 Main Marker" [stack: 0x000000af50800000,0x000000af50900000] [id=7504]
  0x0000024298c5d000 ConcurrentGCThread "G1 Conc#0" [stack: 0x000000af50900000,0x000000af50a00000] [id=10844]
  0x0000024298ce5800 ConcurrentGCThread "G1 Refine#0" [stack: 0x000000af50a00000,0x000000af50b00000] [id=2736]
  0x0000024298ce6800 ConcurrentGCThread "G1 Young RemSet Sampling" [stack: 0x000000af50b00000,0x000000af50c00000] [id=9248]

Threads with active compile tasks:

VM state:at safepoint (normal execution)

VM Mutex/Monitor currently owned by a thread:  ([mutex/lock_event])
[0x0000024298c158c0] Threads_lock - owner thread: 0x00000242b5e59800
[0x0000024298c16ac0] Heap_lock - owner thread: 0x0000024298c1a000

Heap address: 0x0000000080000000, size: 2048 MB, Compressed Oops mode: 32-bit
Narrow klass base: 0x0000000000000000, Narrow klass shift: 3
Compressed class space size: 1073741824 Address: 0x0000000100000000

Heap:
 garbage-first heap   total 131072K, used 7458K [0x0000000080000000, 0x0000000100000000)
  region size 1024K, 7 young (7168K), 7 survivors (7168K)
 Metaspace       used 9737K, capacity 9878K, committed 9984K, reserved 1067008K
  class space    used 896K, capacity 962K, committed 1024K, reserved 1048576K
Heap Regions: E=young(eden), S=young(survivor), O=old, HS=humongous(starts), HC=humongous(continues), CS=collection set, F=free, A=archive, TAMS=top-at-mark-start (previous, next)
|   0|0x0000000080000000, 0x00000000800c9800, 0x0000000080100000| 78%| O|  |TAMS 0x0000000080000000, 0x00000000800c9800| Untracked 
|   1|0x0000000080100000, 0x0000000080100000, 0x0000000080200000|  0%| F|  |TAMS 0x0000000080100000, 0x0000000080100000| Untracked 
|   2|0x0000000080200000, 0x0000000080200000, 0x0000000080300000|  0%| F|  |TAMS 0x0000000080200000, 0x0000000080200000| Untracked 
|   3|0x0000000080300000, 0x0000000080300000, 0x0000000080400000|  0%| F|  |TAMS 0x0000000080300000, 0x0000000080300000| Untracked 
|   4|0x0000000080400000, 0x0000000080400000, 0x0000000080500000|  0%| F|  |TAMS 0x0000000080400000, 0x0000000080400000| Untracked 
|   5|0x0000000080500000, 0x0000000080500000, 0x0000000080600000|  0%| F|  |TAMS 0x0000000080500000, 0x0000000080500000| Untracked 
|   6|0x0000000080600000, 0x0000000080600000, 0x0000000080700000|  0%| F|  |TAMS 0x0000000080600000, 0x0000000080600000| Untracked 
|   7|0x0000000080700000, 0x0000000080700000, 0x0000000080800000|  0%| F|  |TAMS 0x0000000080700000, 0x0000000080700000| Untracked 
|   8|0x0000000080800000, 0x0000000080800000, 0x0000000080900000|  0%| F|  |TAMS 0x0000000080800000, 0x0000000080800000| Untracked 
|   9|0x0000000080900000, 0x0000000080900000, 0x0000000080a00000|  0%| F|  |TAMS 0x0000000080900000, 0x0000000080900000| Untracked 
|  10|0x0000000080a00000, 0x0000000080a00000, 0x0000000080b00000|  0%| F|  |TAMS 0x0000000080a00000, 0x0000000080a00000| Untracked 
|  11|0x0000000080b00000, 0x0000000080b00000, 0x0000000080c00000|  0%| F|  |TAMS 0x0000000080b00000, 0x0000000080b00000| Untracked 
|  12|0x0000000080c00000, 0x0000000080c00000, 0x0000000080d00000|  0%| F|  |TAMS 0x0000000080c00000, 0x0000000080c00000| Untracked 
|  13|0x0000000080d00000, 0x0000000080d00000, 0x0000000080e00000|  0%| F|  |TAMS 0x0000000080d00000, 0x0000000080d00000| Untracked 
|  14|0x0000000080e00000, 0x0000000080e00000, 0x0000000080f00000|  0%| F|  |TAMS 0x0000000080e00000, 0x0000000080e00000| Untracked 
|  15|0x0000000080f00000, 0x0000000080f00000, 0x0000000081000000|  0%| F|  |TAMS 0x0000000080f00000, 0x0000000080f00000| Untracked 
|  16|0x0000000081000000, 0x0000000081000000, 0x0000000081100000|  0%| F|  |TAMS 0x0000000081000000, 0x0000000081000000| Untracked 
|  17|0x0000000081100000, 0x0000000081100000, 0x0000000081200000|  0%| F|  |TAMS 0x0000000081100000, 0x0000000081100000| Untracked 
|  18|0x0000000081200000, 0x0000000081200000, 0x0000000081300000|  0%| F|  |TAMS 0x0000000081200000, 0x0000000081200000| Untracked 
|  19|0x0000000081300000, 0x0000000081300000, 0x0000000081400000|  0%| F|  |TAMS 0x0000000081300000, 0x0000000081300000| Untracked 
|  20|0x0000000081400000, 0x0000000081400000, 0x0000000081500000|  0%| F|  |TAMS 0x0000000081400000, 0x0000000081400000| Untracked 
|  21|0x0000000081500000, 0x0000000081500000, 0x0000000081600000|  0%| F|  |TAMS 0x0000000081500000, 0x0000000081500000| Untracked 
|  22|0x0000000081600000, 0x0000000081600000, 0x0000000081700000|  0%| F|  |TAMS 0x0000000081600000, 0x0000000081600000| Untracked 
|  23|0x0000000081700000, 0x0000000081700000, 0x0000000081800000|  0%| F|  |TAMS 0x0000000081700000, 0x0000000081700000| Untracked 
|  24|0x0000000081800000, 0x0000000081800000, 0x0000000081900000|  0%| F|  |TAMS 0x0000000081800000, 0x0000000081800000| Untracked 
|  25|0x0000000081900000, 0x0000000081900000, 0x0000000081a00000|  0%| F|  |TAMS 0x0000000081900000, 0x0000000081900000| Untracked 
|  26|0x0000000081a00000, 0x0000000081a00000, 0x0000000081b00000|  0%| F|  |TAMS 0x0000000081a00000, 0x0000000081a00000| Untracked 
|  27|0x0000000081b00000, 0x0000000081b00000, 0x0000000081c00000|  0%| F|  |TAMS 0x0000000081b00000, 0x0000000081b00000| Untracked 
|  28|0x0000000081c00000, 0x0000000081c00000, 0x0000000081d00000|  0%| F|  |TAMS 0x0000000081c00000, 0x0000000081c00000| Untracked 
|  29|0x0000000081d00000, 0x0000000081d00000, 0x0000000081e00000|  0%| F|  |TAMS 0x0000000081d00000, 0x0000000081d00000| Untracked 
|  30|0x0000000081e00000, 0x0000000081e00000, 0x0000000081f00000|  0%| F|  |TAMS 0x0000000081e00000, 0x0000000081e00000| Untracked 
|  31|0x0000000081f00000, 0x0000000081f00000, 0x0000000082000000|  0%| F|  |TAMS 0x0000000081f00000, 0x0000000081f00000| Untracked 
|  32|0x0000000082000000, 0x0000000082000000, 0x0000000082100000|  0%| F|  |TAMS 0x0000000082000000, 0x0000000082000000| Untracked 
|  33|0x0000000082100000, 0x0000000082100000, 0x0000000082200000|  0%| F|  |TAMS 0x0000000082100000, 0x0000000082100000| Untracked 
|  34|0x0000000082200000, 0x0000000082200000, 0x0000000082300000|  0%| F|  |TAMS 0x0000000082200000, 0x0000000082200000| Untracked 
|  35|0x0000000082300000, 0x0000000082300000, 0x0000000082400000|  0%| F|  |TAMS 0x0000000082300000, 0x0000000082300000| Untracked 
|  36|0x0000000082400000, 0x0000000082400000, 0x0000000082500000|  0%| F|  |TAMS 0x0000000082400000, 0x0000000082400000| Untracked 
|  37|0x0000000082500000, 0x0000000082500000, 0x0000000082600000|  0%| F|  |TAMS 0x0000000082500000, 0x0000000082500000| Untracked 
|  38|0x0000000082600000, 0x0000000082600000, 0x0000000082700000|  0%| F|  |TAMS 0x0000000082600000, 0x0000000082600000| Untracked 
|  39|0x0000000082700000, 0x0000000082700000, 0x0000000082800000|  0%| F|  |TAMS 0x0000000082700000, 0x0000000082700000| Untracked 
|  40|0x0000000082800000, 0x0000000082800000, 0x0000000082900000|  0%| F|  |TAMS 0x0000000082800000, 0x0000000082800000| Untracked 
|  41|0x0000000082900000, 0x0000000082900000, 0x0000000082a00000|  0%| F|  |TAMS 0x0000000082900000, 0x0000000082900000| Untracked 
|  42|0x0000000082a00000, 0x0000000082a00000, 0x0000000082b00000|  0%| F|  |TAMS 0x0000000082a00000, 0x0000000082a00000| Untracked 
|  43|0x0000000082b00000, 0x0000000082b00000, 0x0000000082c00000|  0%| F|  |TAMS 0x0000000082b00000, 0x0000000082b00000| Untracked 
|  44|0x0000000082c00000, 0x0000000082c00000, 0x0000000082d00000|  0%| F|  |TAMS 0x0000000082c00000, 0x0000000082c00000| Untracked 
|  45|0x0000000082d00000, 0x0000000082d00000, 0x0000000082e00000|  0%| F|  |TAMS 0x0000000082d00000, 0x0000000082d00000| Untracked 
|  46|0x0000000082e00000, 0x0000000082e00000, 0x0000000082f00000|  0%| F|  |TAMS 0x0000000082e00000, 0x0000000082e00000| Untracked 
|  47|0x0000000082f00000, 0x0000000082f00000, 0x0000000083000000|  0%| F|  |TAMS 0x0000000082f00000, 0x0000000082f00000| Untracked 
|  48|0x0000000083000000, 0x0000000083000000, 0x0000000083100000|  0%| F|  |TAMS 0x0000000083000000, 0x0000000083000000| Untracked 
|  49|0x0000000083100000, 0x0000000083100000, 0x0000000083200000|  0%| F|  |TAMS 0x0000000083100000, 0x0000000083100000| Untracked 
|  50|0x0000000083200000, 0x0000000083200000, 0x0000000083300000|  0%| F|  |TAMS 0x0000000083200000, 0x0000000083200000| Untracked 
|  51|0x0000000083300000, 0x0000000083300000, 0x0000000083400000|  0%| F|  |TAMS 0x0000000083300000, 0x0000000083300000| Untracked 
|  52|0x0000000083400000, 0x0000000083400000, 0x0000000083500000|  0%| F|  |TAMS 0x0000000083400000, 0x0000000083400000| Untracked 
|  53|0x0000000083500000, 0x0000000083500000, 0x0000000083600000|  0%| F|  |TAMS 0x0000000083500000, 0x0000000083500000| Untracked 
|  54|0x0000000083600000, 0x0000000083600000, 0x0000000083700000|  0%| F|  |TAMS 0x0000000083600000, 0x0000000083600000| Untracked 
|  55|0x0000000083700000, 0x0000000083700000, 0x0000000083800000|  0%| F|  |TAMS 0x0000000083700000, 0x0000000083700000| Untracked 
|  56|0x0000000083800000, 0x0000000083800000, 0x0000000083900000|  0%| F|  |TAMS 0x0000000083800000, 0x0000000083800000| Untracked 
|  57|0x0000000083900000, 0x0000000083900000, 0x0000000083a00000|  0%| F|  |TAMS 0x0000000083900000, 0x0000000083900000| Untracked 
|  58|0x0000000083a00000, 0x0000000083a00000, 0x0000000083b00000|  0%| F|  |TAMS 0x0000000083a00000, 0x0000000083a00000| Untracked 
|  59|0x0000000083b00000, 0x0000000083b00000, 0x0000000083c00000|  0%| F|  |TAMS 0x0000000083b00000, 0x0000000083b00000| Untracked 
|  60|0x0000000083c00000, 0x0000000083c00000, 0x0000000083d00000|  0%| F|  |TAMS 0x0000000083c00000, 0x0000000083c00000| Untracked 
|  61|0x0000000083d00000, 0x0000000083d00000, 0x0000000083e00000|  0%| F|  |TAMS 0x0000000083d00000, 0x0000000083d00000| Untracked 
|  62|0x0000000083e00000, 0x0000000083e00000, 0x0000000083f00000|  0%| F|  |TAMS 0x0000000083e00000, 0x0000000083e00000| Untracked 
|  63|0x0000000083f00000, 0x0000000083f00000, 0x0000000084000000|  0%| F|  |TAMS 0x0000000083f00000, 0x0000000083f00000| Untracked 
|  64|0x0000000084000000, 0x0000000084000000, 0x0000000084100000|  0%| F|  |TAMS 0x0000000084000000, 0x0000000084000000| Untracked 
|  65|0x0000000084100000, 0x0000000084100000, 0x0000000084200000|  0%| F|  |TAMS 0x0000000084100000, 0x0000000084100000| Untracked 
|  66|0x0000000084200000, 0x0000000084200000, 0x0000000084300000|  0%| F|  |TAMS 0x0000000084200000, 0x0000000084200000| Untracked 
|  67|0x0000000084300000, 0x0000000084300000, 0x0000000084400000|  0%| F|  |TAMS 0x0000000084300000, 0x0000000084300000| Untracked 
|  68|0x0000000084400000, 0x0000000084400000, 0x0000000084500000|  0%| F|  |TAMS 0x0000000084400000, 0x0000000084400000| Untracked 
|  69|0x0000000084500000, 0x0000000084500000, 0x0000000084600000|  0%| F|  |TAMS 0x0000000084500000, 0x0000000084500000| Untracked 
|  70|0x0000000084600000, 0x0000000084600000, 0x0000000084700000|  0%| F|  |TAMS 0x0000000084600000, 0x0000000084600000| Untracked 
|  71|0x0000000084700000, 0x0000000084700000, 0x0000000084800000|  0%| F|  |TAMS 0x0000000084700000, 0x0000000084700000| Untracked 
|  72|0x0000000084800000, 0x0000000084800000, 0x0000000084900000|  0%| F|  |TAMS 0x0000000084800000, 0x0000000084800000| Untracked 
|  73|0x0000000084900000, 0x0000000084900000, 0x0000000084a00000|  0%| F|  |TAMS 0x0000000084900000, 0x0000000084900000| Untracked 
|  74|0x0000000084a00000, 0x0000000084a00000, 0x0000000084b00000|  0%| F|  |TAMS 0x0000000084a00000, 0x0000000084a00000| Untracked 
|  75|0x0000000084b00000, 0x0000000084b00000, 0x0000000084c00000|  0%| F|  |TAMS 0x0000000084b00000, 0x0000000084b00000| Untracked 
|  76|0x0000000084c00000, 0x0000000084c00000, 0x0000000084d00000|  0%| F|  |TAMS 0x0000000084c00000, 0x0000000084c00000| Untracked 
|  77|0x0000000084d00000, 0x0000000084d00000, 0x0000000084e00000|  0%| F|  |TAMS 0x0000000084d00000, 0x0000000084d00000| Untracked 
|  78|0x0000000084e00000, 0x0000000084e00000, 0x0000000084f00000|  0%| F|  |TAMS 0x0000000084e00000, 0x0000000084e00000| Untracked 
|  79|0x0000000084f00000, 0x0000000084f00000, 0x0000000085000000|  0%| F|  |TAMS 0x0000000084f00000, 0x0000000084f00000| Untracked 
|  80|0x0000000085000000, 0x0000000085000000, 0x0000000085100000|  0%| F|  |TAMS 0x0000000085000000, 0x0000000085000000| Untracked 
|  81|0x0000000085100000, 0x0000000085100000, 0x0000000085200000|  0%| F|  |TAMS 0x0000000085100000, 0x0000000085100000| Untracked 
|  82|0x0000000085200000, 0x0000000085200000, 0x0000000085300000|  0%| F|  |TAMS 0x0000000085200000, 0x0000000085200000| Untracked 
|  83|0x0000000085300000, 0x0000000085300000, 0x0000000085400000|  0%| F|  |TAMS 0x0000000085300000, 0x0000000085300000| Untracked 
|  84|0x0000000085400000, 0x0000000085400000, 0x0000000085500000|  0%| F|  |TAMS 0x0000000085400000, 0x0000000085400000| Untracked 
|  85|0x0000000085500000, 0x0000000085500000, 0x0000000085600000|  0%| F|  |TAMS 0x0000000085500000, 0x0000000085500000| Untracked 
|  86|0x0000000085600000, 0x0000000085600000, 0x0000000085700000|  0%| F|  |TAMS 0x0000000085600000, 0x0000000085600000| Untracked 
|  87|0x0000000085700000, 0x0000000085700000, 0x0000000085800000|  0%| F|  |TAMS 0x0000000085700000, 0x0000000085700000| Untracked 
|  88|0x0000000085800000, 0x0000000085800000, 0x0000000085900000|  0%| F|  |TAMS 0x0000000085800000, 0x0000000085800000| Untracked 
|  89|0x0000000085900000, 0x0000000085900000, 0x0000000085a00000|  0%| F|  |TAMS 0x0000000085900000, 0x0000000085900000| Untracked 
|  90|0x0000000085a00000, 0x0000000085a00000, 0x0000000085b00000|  0%| F|  |TAMS 0x0000000085a00000, 0x0000000085a00000| Untracked 
|  91|0x0000000085b00000, 0x0000000085b00000, 0x0000000085c00000|  0%| F|  |TAMS 0x0000000085b00000, 0x0000000085b00000| Untracked 
|  92|0x0000000085c00000, 0x0000000085c00000, 0x0000000085d00000|  0%| F|  |TAMS 0x0000000085c00000, 0x0000000085c00000| Untracked 
|  93|0x0000000085d00000, 0x0000000085d00000, 0x0000000085e00000|  0%| F|  |TAMS 0x0000000085d00000, 0x0000000085d00000| Untracked 
|  94|0x0000000085e00000, 0x0000000085e00000, 0x0000000085f00000|  0%| F|  |TAMS 0x0000000085e00000, 0x0000000085e00000| Untracked 
|  95|0x0000000085f00000, 0x0000000085f00000, 0x0000000086000000|  0%| F|  |TAMS 0x0000000085f00000, 0x0000000085f00000| Untracked 
|  96|0x0000000086000000, 0x0000000086000000, 0x0000000086100000|  0%| F|  |TAMS 0x0000000086000000, 0x0000000086000000| Untracked 
|  97|0x0000000086100000, 0x0000000086100000, 0x0000000086200000|  0%| F|  |TAMS 0x0000000086100000, 0x0000000086100000| Untracked 
|  98|0x0000000086200000, 0x0000000086200000, 0x0000000086300000|  0%| F|  |TAMS 0x0000000086200000, 0x0000000086200000| Untracked 
|  99|0x0000000086300000, 0x0000000086300000, 0x0000000086400000|  0%| F|  |TAMS 0x0000000086300000, 0x0000000086300000| Untracked 
| 100|0x0000000086400000, 0x0000000086400000, 0x0000000086500000|  0%| F|  |TAMS 0x0000000086400000, 0x0000000086400000| Untracked 
| 101|0x0000000086500000, 0x0000000086500000, 0x0000000086600000|  0%| F|  |TAMS 0x0000000086500000, 0x0000000086500000| Untracked 
| 102|0x0000000086600000, 0x0000000086600000, 0x0000000086700000|  0%| F|  |TAMS 0x0000000086600000, 0x0000000086600000| Untracked 
| 103|0x0000000086700000, 0x0000000086700000, 0x0000000086800000|  0%| F|  |TAMS 0x0000000086700000, 0x0000000086700000| Untracked 
| 104|0x0000000086800000, 0x0000000086800000, 0x0000000086900000|  0%| F|  |TAMS 0x0000000086800000, 0x0000000086800000| Untracked 
| 105|0x0000000086900000, 0x0000000086900000, 0x0000000086a00000|  0%| F|  |TAMS 0x0000000086900000, 0x0000000086900000| Untracked 
| 106|0x0000000086a00000, 0x0000000086a7f090, 0x0000000086b00000| 49%| S|CS|TAMS 0x0000000086a00000, 0x0000000086a00000| Complete 
| 107|0x0000000086b00000, 0x0000000086c00000, 0x0000000086c00000|100%| S|CS|TAMS 0x0000000086b00000, 0x0000000086b00000| Complete 
| 108|0x0000000086c00000, 0x0000000086d00000, 0x0000000086d00000|100%| S|CS|TAMS 0x0000000086c00000, 0x0000000086c00000| Complete 
| 109|0x0000000086d00000, 0x0000000086e00000, 0x0000000086e00000|100%| S|CS|TAMS 0x0000000086d00000, 0x0000000086d00000| Complete 
| 110|0x0000000086e00000, 0x0000000086f00000, 0x0000000086f00000|100%| S|CS|TAMS 0x0000000086e00000, 0x0000000086e00000| Complete 
| 111|0x0000000086f00000, 0x0000000087000000, 0x0000000087000000|100%| S|CS|TAMS 0x0000000086f00000, 0x0000000086f00000| Complete 
| 112|0x0000000087000000, 0x0000000087100000, 0x0000000087100000|100%| S|CS|TAMS 0x0000000087000000, 0x0000000087000000| Complete 
| 113|0x0000000087100000, 0x0000000087100000, 0x0000000087200000|  0%| F|  |TAMS 0x0000000087100000, 0x0000000087100000| Untracked 
| 114|0x0000000087200000, 0x0000000087200000, 0x0000000087300000|  0%| F|  |TAMS 0x0000000087200000, 0x0000000087200000| Untracked 
| 115|0x0000000087300000, 0x0000000087300000, 0x0000000087400000|  0%| F|  |TAMS 0x0000000087300000, 0x0000000087300000| Untracked 
| 116|0x0000000087400000, 0x0000000087400000, 0x0000000087500000|  0%| F|  |TAMS 0x0000000087400000, 0x0000000087400000| Untracked 
| 117|0x0000000087500000, 0x0000000087500000, 0x0000000087600000|  0%| F|  |TAMS 0x0000000087500000, 0x0000000087500000| Untracked 
| 118|0x0000000087600000, 0x0000000087600000, 0x0000000087700000|  0%| F|  |TAMS 0x0000000087600000, 0x0000000087600000| Untracked 
| 119|0x0000000087700000, 0x0000000087700000, 0x0000000087800000|  0%| F|  |TAMS 0x0000000087700000, 0x0000000087700000| Untracked 
| 120|0x0000000087800000, 0x0000000087800000, 0x0000000087900000|  0%| F|  |TAMS 0x0000000087800000, 0x0000000087800000| Untracked 
| 121|0x0000000087900000, 0x0000000087900000, 0x0000000087a00000|  0%| F|  |TAMS 0x0000000087900000, 0x0000000087900000| Untracked 
| 122|0x0000000087a00000, 0x0000000087a00000, 0x0000000087b00000|  0%| F|  |TAMS 0x0000000087a00000, 0x0000000087a00000| Untracked 
| 123|0x0000000087b00000, 0x0000000087b00000, 0x0000000087c00000|  0%| F|  |TAMS 0x0000000087b00000, 0x0000000087b00000| Untracked 
| 124|0x0000000087c00000, 0x0000000087c00000, 0x0000000087d00000|  0%| F|  |TAMS 0x0000000087c00000, 0x0000000087c00000| Untracked 
| 125|0x0000000087d00000, 0x0000000087d00000, 0x0000000087e00000|  0%| F|  |TAMS 0x0000000087d00000, 0x0000000087d00000| Untracked 
| 126|0x0000000087e00000, 0x0000000087e00000, 0x0000000087f00000|  0%| F|  |TAMS 0x0000000087e00000, 0x0000000087e00000| Untracked 
| 127|0x0000000087f00000, 0x0000000087f00000, 0x0000000088000000|  0%| F|  |TAMS 0x0000000087f00000, 0x0000000087f00000| Untracked 

Card table byte_map: [0x00000242af250000,0x00000242af650000] _byte_map_base: 0x00000242aee50000

Marking Bits (Prev, Next): (CMBitMap*) 0x0000024296b6e8c8, (CMBitMap*) 0x0000024296b6e900
 Prev Bits: [0x00000242afa50000, 0x00000242b1a50000)
 Next Bits: [0x00000242b1a50000, 0x00000242b3a50000)

Polling page: 0x0000024296a20000

Metaspace:

Usage:
  Non-class:      8.71 MB capacity,     8.63 MB (>99%) used,    61.90 KB ( <1%) free+waste,    12.75 KB ( <1%) overhead. 
      Class:    962.00 KB capacity,   896.02 KB ( 93%) used,    59.41 KB (  6%) free+waste,     6.56 KB ( <1%) overhead. 
       Both:      9.65 MB capacity,     9.51 MB ( 99%) used,   121.31 KB (  1%) free+waste,    19.31 KB ( <1%) overhead. 

Virtual space:
  Non-class space:       18.00 MB reserved,       8.75 MB ( 49%) committed 
      Class space:        1.00 GB reserved,       1.00 MB ( <1%) committed 
             Both:        1.02 GB reserved,       9.75 MB ( <1%) committed 

Chunk freelists:
   Non-Class:  5.50 KB
       Class:  0 bytes
        Both:  5.50 KB

CodeHeap 'non-profiled nmethods': size=120064Kb used=213Kb max_used=213Kb free=119850Kb
 bounds [0x00000242a7d10000, 0x00000242a7f80000, 0x00000242af250000]
CodeHeap 'profiled nmethods': size=120000Kb used=1224Kb max_used=1224Kb free=118775Kb
 bounds [0x00000242a07e0000, 0x00000242a0a50000, 0x00000242a7d10000]
CodeHeap 'non-nmethods': size=5696Kb used=1077Kb max_used=1089Kb free=4618Kb
 bounds [0x00000242a0250000, 0x00000242a04c0000, 0x00000242a07e0000]
 total_blobs=1110 nmethods=728 adapters=294
 compilation: enabled
              stopped_count=0, restarted_count=0
 full_count=0

Compilation events (10 events):
Event: 0.988 Thread 0x00000242b67cd000  724       3       java.nio.Buffer::limit (65 bytes)
Event: 0.988 Thread 0x00000242b67cd000 nmethod 724 0x00000242a0911210 code [0x00000242a09113c0, 0x00000242a0911668]
Event: 0.988 Thread 0x00000242b67cd000  725       1       java.nio.DirectByteBuffer::address (5 bytes)
Event: 0.988 Thread 0x00000242b67cd000 nmethod 725 0x00000242a7d45190 code [0x00000242a7d45320, 0x00000242a7d453d8]
Event: 0.989 Thread 0x00000242b67cd000  726       3       java.nio.ByteBuffer::limit (8 bytes)
Event: 0.989 Thread 0x00000242b67cd000 nmethod 726 0x00000242a0911710 code [0x00000242a09118c0, 0x00000242a0911a08]
Event: 0.989 Thread 0x00000242b67cd000  727       3       java.nio.MappedByteBuffer::limit (8 bytes)
Event: 0.989 Thread 0x00000242b67cd000 nmethod 727 0x00000242a0911a90 code [0x00000242a0911c40, 0x00000242a0911de8]
Event: 0.989 Thread 0x00000242b67cd000  728       3       java.nio.MappedByteBuffer::position (8 bytes)
Event: 0.989 Thread 0x00000242b67cd000 nmethod 728 0x00000242a0911e90 code [0x00000242a0912040, 0x00000242a09121e8]

GC Heap History (4 events):
Event: 0.569 GC heap before
{Heap before GC invocations=0 (full 0):
 garbage-first heap   total 131072K, used 6144K [0x0000000080000000, 0x0000000100000000)
  region size 1024K, 7 young (7168K), 0 survivors (0K)
 Metaspace       used 8957K, capacity 9117K, committed 9344K, reserved 1058816K
  class space    used 808K, capacity 876K, committed 896K, reserved 1048576K
}
Event: 0.594 GC heap after
{Heap after GC invocations=1 (full 0):
 garbage-first heap   total 131072K, used 1830K [0x0000000080000000, 0x0000000100000000)
  region size 1024K, 1 young (1024K), 1 survivors (1024K)
 Metaspace       used 8957K, capacity 9117K, committed 9344K, reserved 1058816K
  class space    used 808K, capacity 876K, committed 896K, reserved 1048576K
}
Event: 0.994 GC heap before
{Heap before GC invocations=1 (full 0):
 garbage-first heap   total 131072K, used 15142K [0x0000000080000000, 0x0000000100000000)
  region size 1024K, 15 young (15360K), 1 survivors (1024K)
 Metaspace       used 9737K, capacity 9878K, committed 9984K, reserved 1064960K
  class space    used 896K, capacity 962K, committed 1024K, reserved 1048576K
}
Event: 1.006 GC heap after
{Heap after GC invocations=2 (full 0):
 garbage-first heap   total 131072K, used 7458K [0x0000000080000000, 0x0000000100000000)
  region size 1024K, 7 young (7168K), 7 survivors (7168K)
 Metaspace       used 9737K, capacity 9878K, committed 9984K, reserved 1064960K
  class space    used 896K, capacity 962K, committed 1024K, reserved 1048576K
}

Deoptimization events (5 events):
Event: 0.178 Thread 0x0000024298c1a000 Uncommon trap: reason=unstable_if action=reinterpret pc=0x00000242a7d13c10 method=java.lang.String.hashCode()I @ 14 c2
Event: 0.484 Thread 0x0000024298c1a000 Uncommon trap: reason=unstable_if action=reinterpret pc=0x00000242a7d19c14 method=java.lang.StringLatin1.canEncode(I)Z @ 4 c2
Event: 0.484 Thread 0x0000024298c1a000 Uncommon trap: reason=unstable_if action=reinterpret pc=0x00000242a7d1a0d8 method=java.lang.AbstractStringBuilder.isLatin1()Z @ 10 c2
Event: 0.520 Thread 0x0000024298c1a000 Uncommon trap: reason=unstable_if action=reinterpret pc=0x00000242a7d22014 method=java.util.StringTokenizer.scanToken(I)I @ 42 c2
Event: 0.816 Thread 0x0000024298c1a000 Uncommon trap: reason=unstable_if action=reinterpret pc=0x00000242a7d367e0 method=java.lang.StringCoding.hasNegatives([BII)Z @ 12 c2

Classes redefined (0 events):
No events

Internal exceptions (7 events):
Event: 0.363 Thread 0x0000024298c1a000 Exception <a 'java/lang/NoSuchMethodError'{0x0000000087b3b260}: java.lang.invoke.DirectMethodHandle$Holder.invokeStaticInit(Ljava/lang/Object;Ljava/lang/Object;Ljava/lang/Object;)Ljava/lang/Object;> (0x0000000087b3b260) thrown at [./open/src/hotspot/share
Event: 0.529 Thread 0x00000242b6bb6000 Exception <a 'java/lang/NoSuchMethodError'{0x0000000087af9ea8}: java.lang.invoke.DirectMethodHandle$Holder.invokeStatic(Ljava/lang/Object;J)V> (0x0000000087af9ea8) thrown at [./open/src/hotspot/share/interpreter/linkResolver.cpp, line 772]
Event: 0.531 Thread 0x00000242b6bb6000 Exception <a 'java/lang/NoSuchMethodError'{0x0000000087964638}: java.lang.invoke.DirectMethodHandle$Holder.invokeStatic(Ljava/lang/Object;J)Ljava/lang/Object;> (0x0000000087964638) thrown at [./open/src/hotspot/share/interpreter/linkResolver.cpp, line 772
Event: 0.534 Thread 0x00000242b6bb6000 Exception <a 'java/lang/NoSuchMethodError'{0x00000000879726d0}: java.lang.invoke.DirectMethodHandle$Holder.invokeStaticInit(Ljava/lang/Object;Ljava/lang/Object;JLjava/lang/Object;)Ljava/lang/Object;> (0x00000000879726d0) thrown at [./open/src/hotspot/shar
Event: 0.535 Thread 0x00000242b6bb6000 Exception <a 'java/lang/NoSuchMethodError'{0x00000000879785f0}: java.lang.invoke.DirectMethodHandle$Holder.invokeStatic(Ljava/lang/Object;Ljava/lang/Object;J)Ljava/lang/Object;> (0x00000000879785f0) thrown at [./open/src/hotspot/share/interpreter/linkReso
Event: 0.537 Thread 0x00000242b6bb6000 Exception <a 'java/lang/NoSuchMethodError'{0x000000008797e8c0}: java.lang.invoke.Invokers$Holder.linkToTargetMethod(Ljava/lang/Object;JLjava/lang/Object;)Ljava/lang/Object;> (0x000000008797e8c0) thrown at [./open/src/hotspot/share/interpreter/linkResolver
Event: 0.549 Thread 0x00000242b6bb6000 Exception <a 'java/lang/NoSuchMethodError'{0x0000000087996950}: java.lang.invoke.DirectMethodHandle$Holder.invokeSpecialIFC(Ljava/lang/Object;Ljava/lang/Object;I)I> (0x0000000087996950) thrown at [./open/src/hotspot/share/interpreter/linkResolver.cpp, lin

Events (10 events):
Event: 0.982 loading class org/junit/platform/engine/TestEngine
Event: 0.982 loading class org/junit/platform/engine/TestEngine done
Event: 0.984 loading class org/junit/platform/commons/util/ClassLoaderUtils
Event: 0.984 loading class org/junit/platform/commons/util/ClassLoaderUtils done
Event: 0.986 loading class org/junit/platform/launcher/core/ServiceLoaderTestEngineRegistry
Event: 0.986 loading class org/junit/platform/launcher/core/ServiceLoaderTestEngineRegistry done
Event: 0.987 loading class org/junit/platform/engine/TestEngine
Event: 0.987 loading class org/junit/platform/engine/TestEngine done
Event: 0.992 loading class sun/net/www/protocol/jar/JarURLConnection
Event: 0.994 Executing VM operation: CollectForMetadataAllocation


Dynamic libraries:
0x00007ff60d120000 - 0x00007ff60d12f000 	C:\Program Files\Java\jdk-11.0.13\bin\java.exe
0x00007ff8568d0000 - 0x00007ff856ac5000 	C:\Windows\SYSTEM32\ntdll.dll
0x00007ff8549d0000 - 0x00007ff854a8d000 	C:\Windows\System32\KERNEL32.DLL
0x00007ff8541e0000 - 0x00007ff8544ad000 	C:\Windows\System32\KERNELBASE.dll
0x00007ff854780000 - 0x00007ff854880000 	C:\Windows\System32\ucrtbase.dll
0x00007ff83d2d0000 - 0x00007ff83d2e8000 	C:\Program Files\Java\jdk-11.0.13\bin\jli.dll
0x00007ff855950000 - 0x00007ff8559fe000 	C:\Windows\System32\ADVAPI32.dll
0x00007ff854ec0000 - 0x00007ff854f5e000 	C:\Windows\System32\msvcrt.dll
0x00007ff855d50000 - 0x00007ff855dec000 	C:\Windows\System32\sechost.dll
0x00007ff854fd0000 - 0x00007ff8550f5000 	C:\Windows\System32\RPCRT4.dll
0x00007ff855780000 - 0x00007ff855920000 	C:\Windows\System32\USER32.dll
0x00007ff8541b0000 - 0x00007ff8541d2000 	C:\Windows\System32\win32u.dll
0x00007ff8551e0000 - 0x00007ff85520a000 	C:\Windows\System32\GDI32.dll
0x00007ff8540a0000 - 0x00007ff8541ab000 	C:\Windows\System32\gdi32full.dll
0x00007ff854880000 - 0x00007ff85491d000 	C:\Windows\System32\msvcp_win.dll
0x00007ff83d2b0000 - 0x00007ff83d2c5000 	C:\Program Files\Java\jdk-11.0.13\bin\VCRUNTIME140.dll
0x00007ff836850000 - 0x00007ff836aea000 	C:\Windows\WinSxS\amd64_microsoft.windows.common-controls_6595b64144ccf1df_6.0.19041.1110_none_60b5254171f9507e\COMCTL32.dll
0x00007ff84bab0000 - 0x00007ff84baba000 	C:\Windows\SYSTEM32\VERSION.dll
0x00007ff855920000 - 0x00007ff855950000 	C:\Windows\System32\IMM32.DLL
0x00007ff82f570000 - 0x00007ff82f60b000 	C:\Program Files\Java\jdk-11.0.13\bin\msvcp140.dll
0x00007ff822f50000 - 0x00007ff823a63000 	C:\Program Files\Java\jdk-11.0.13\bin\server\jvm.dll
0x00007ff856000000 - 0x00007ff856008000 	C:\Windows\System32\PSAPI.DLL
0x00007ff840960000 - 0x00007ff840969000 	C:\Windows\SYSTEM32\WSOCK32.dll
0x00007ff854f60000 - 0x00007ff854fcb000 	C:\Windows\System32\WS2_32.dll
0x00007ff834cb0000 - 0x00007ff834cd7000 	C:\Windows\SYSTEM32\WINMM.dll
0x00007ff851ec0000 - 0x00007ff851ed2000 	C:\Windows\SYSTEM32\kernel.appcore.dll
0x00007ff83d2a0000 - 0x00007ff83d2b0000 	C:\Program Files\Java\jdk-11.0.13\bin\verify.dll
0x00007ff84b5d0000 - 0x00007ff84b7b4000 	C:\Windows\SYSTEM32\DBGHELP.DLL
0x00007ff84b5a0000 - 0x00007ff84b5cc000 	C:\Windows\SYSTEM32\dbgcore.DLL
0x00007ff854560000 - 0x00007ff8545e2000 	C:\Windows\System32\bcryptPrimitives.dll
0x00007ff832a50000 - 0x00007ff832a78000 	C:\Program Files\Java\jdk-11.0.13\bin\java.dll
0x00007ff83d1a0000 - 0x00007ff83d1aa000 	C:\Program Files\Java\jdk-11.0.13\bin\jimage.dll
0x00007ff83cf90000 - 0x00007ff83cfa6000 	C:\Program Files\Java\jdk-11.0.13\bin\zip.dll
0x00007ff8560d0000 - 0x00007ff856814000 	C:\Windows\System32\SHELL32.dll
0x00007ff8520c0000 - 0x00007ff852854000 	C:\Windows\SYSTEM32\windows.storage.dll
0x00007ff854b60000 - 0x00007ff854eb4000 	C:\Windows\System32\combase.dll
0x00007ff853890000 - 0x00007ff8538bc000 	C:\Windows\SYSTEM32\Wldp.dll
0x00007ff856020000 - 0x00007ff8560cd000 	C:\Windows\System32\SHCORE.dll
0x00007ff855fa0000 - 0x00007ff855ff5000 	C:\Windows\System32\shlwapi.dll
0x00007ff853f20000 - 0x00007ff853f3f000 	C:\Windows\SYSTEM32\profapi.dll
0x00007ff838450000 - 0x00007ff838469000 	C:\Program Files\Java\jdk-11.0.13\bin\net.dll
0x00007ff84c380000 - 0x00007ff84c48a000 	C:\Windows\SYSTEM32\WINHTTP.dll
0x00007ff853670000 - 0x00007ff8536da000 	C:\Windows\system32\mswsock.dll
0x00007ff8381f0000 - 0x00007ff838202000 	C:\Program Files\Java\jdk-11.0.13\bin\nio.dll
0x00007ff83d190000 - 0x00007ff83d199000 	C:\Program Files\Java\jdk-11.0.13\bin\management.dll
0x00007ff83cea0000 - 0x00007ff83ceab000 	C:\Program Files\Java\jdk-11.0.13\bin\management_ext.dll

dbghelp: loaded successfully - version: 4.0.5 - missing functions: none
symbol engine: initialized successfully - sym options: 0x614 - pdb path: .;C:\Program Files\Java\jdk-11.0.13\bin;C:\Windows\SYSTEM32;C:\Windows\WinSxS\amd64_microsoft.windows.common-controls_6595b64144ccf1df_6.0.19041.1110_none_60b5254171f9507e;C:\Program Files\Java\jdk-11.0.13\bin\server

VM Arguments:
java_command: C:\Users\sfjbs\AppData\Local\Temp\surefire13764631097728237503\surefirebooter1554169732529602882.jar C:\Users\sfjbs\AppData\Local\Temp\surefire13764631097728237503 2022-06-04T11-09-13_571-jvmRun1 surefire4146102793296973514tmp surefire_017534003005065189081tmp
java_class_path (initial): C:\Users\sfjbs\AppData\Local\Temp\surefire13764631097728237503\surefirebooter1554169732529602882.jar
Launcher Type: SUN_STANDARD

[Global flags]
     intx CICompilerCount                          = 2                                         {product} {ergonomic}
     uint ConcGCThreads                            = 1                                         {product} {ergonomic}
     uint G1ConcRefinementThreads                  = 2                                         {product} {ergonomic}
   size_t G1HeapRegionSize                         = 1048576                                   {product} {ergonomic}
    uintx GCDrainStackTargetSize                   = 64                                        {product} {ergonomic}
   size_t InitialHeapSize                          = 134217728                                 {product} {ergonomic}
   size_t MarkStackSize                            = 4194304                                   {product} {ergonomic}
   size_t MaxHeapSize                              = 2147483648                                {product} {ergonomic}
   size_t MaxNewSize                               = 1287651328                                {product} {ergonomic}
   size_t MinHeapDeltaBytes                        = 1048576                                   {product} {ergonomic}
    uintx NonNMethodCodeHeapSize                   = 5825164                                {pd product} {ergonomic}
    uintx NonProfiledCodeHeapSize                  = 122916538                              {pd product} {ergonomic}
    uintx ProfiledCodeHeapSize                     = 122916538                              {pd product} {ergonomic}
    uintx ReservedCodeCacheSize                    = 251658240                              {pd product} {ergonomic}
     bool SegmentedCodeCache                       = true                                      {product} {ergonomic}
     bool UseCompressedClassPointers               = true                                 {lp64_product} {ergonomic}
     bool UseCompressedOops                        = true                                 {lp64_product} {ergonomic}
     bool UseG1GC                                  = true                                      {product} {ergonomic}
     bool UseLargePagesIndividualAllocation        = false                                  {pd product} {ergonomic}

Logging:
Log output configuration:
 #0: stdout all=warning uptime,level,tags
 #1: stderr all=off uptime,level,tags

Environment Variables:
PATH=C:/Users/sfjbs/Downloads/sts-4.14.1.RELEASE//plugins/org.eclipse.justj.openjdk.hotspot.jre.full.win32.x86_64_17.0.2.v20220201-1208/jre/bin/server;C:/Users/sfjbs/Downloads/sts-4.14.1.RELEASE//plugins/org.eclipse.justj.openjdk.hotspot.jre.full.win32.x86_64_17.0.2.v20220201-1208/jre/bin;C:\Program Files\Common Files\Oracle\Java\javapath;C:\Windows\system32;C:\Windows;C:\Windows\System32\Wbem;C:\Windows\System32\WindowsPowerShell\v1.0\;C:\Windows\System32\OpenSSH\;C:\Users\sfjbs\Downloads\javamicro-20220514T172102Z-001\javamicro\apache-maven-3.8.5-bin\apache-maven-3.8.5\bin;C:\Users\sfjbs\Downloads\javamicro-20220514T172102Z-001\javamicro\apache-maven-3.8.5-bin\apache-maven-3.8.5\lib;C:\Program Files\Git\cmd;C:\Program Files\Docker\Docker\resources\bin;C:\ProgramData\DockerDesktop\version-bin;C:\Users\sfjbs\AppData\Local\Microsoft\WindowsApps;C:\Users\sfjbs\Downloads\javamicro-20220514T172102Z-001\javamicro\apache-maven-3.8.5-bin\apache-maven-3.8.5\bin;C:\Users\sfjbs\Downloads\javamicro-20220514T172102Z-001\javamicro\apache-maven-3.8.5-bin\apache-maven-3.8.5\lib;;C:\Program Files\JetBrains\IntelliJ IDEA Community Edition 2021.3.3\bin;;C:\Users\sfjbs\Downloads\sts-4.14.1.RELEASE;
USERNAME=sfjbs
OS=Windows_NT
PROCESSOR_IDENTIFIER=Intel64 Family 6 Model 85 Stepping 4, GenuineIntel



---------------  S Y S T E M  ---------------

OS: Windows 10 , 64 bit Build 19041 (10.0.19041.1706)
Hyper-V role detected

CPU:total 2 (initial active 2) (1 cores per cpu, 2 threads per core) family 6 model 85 stepping 4 microcode 0xffffffff, cmov, cx8, fxsr, mmx, sse, sse2, sse3, ssse3, sse4.1, sse4.2, popcnt, avx, avx2, aes, clmul, erms, rtm, 3dnowpref, lzcnt, ht, tsc, bmi1, bmi2, adx, fma

Memory: 4k page, system-wide physical 8190M (829M free)
TotalPageFile size 10238M (AvailPageFile size 3M)
current process WorkingSet (physical memory assigned to process): 66M, peak: 66M
current process commit charge ("private bytes"): 204M, peak: 205M

vm_info: Java HotSpot(TM) 64-Bit Server VM (11.0.13+10-LTS-370) for windows-amd64 JRE (11.0.13+10-LTS-370), built on Sep 15 2021 22:10:36 by "mach5one" with MS VC++ 15.9 (VS2017)

END.
